# JRE version: OpenJDK Runtime Environment Temurin-11.0.16.1+1 (11.0.16.1+1) (build 11.0.16.1+1)
# Java VM: OpenJDK 64-Bit Server VM Temurin-11.0.16.1+1 (11.0.16.1+1, mixed mode, tiered, compressed oops, g1 gc, windows-amd64)
Heap:
 garbage-first heap   total 101376K, used 37894K [0x00000000c8e00000, 0x0000000100000000)
  region size 1024K, 3 young (3072K), 3 survivors (3072K)
 Metaspace       used 75438K, capacity 77488K, committed 77648K, reserved 1122304K
  class space    used 10103K, capacity 10902K, committed 11008K, reserved 1048576K
GC Heap History (20 events):
Event: 31.690 GC heap after
{Heap after GC invocations=24 (full 0):
 garbage-first heap   total 69632K, used 32967K [0x00000000c8e00000, 0x0000000100000000)
  region size 1024K, 4 young (4096K), 4 survivors (4096K)
 Metaspace       used 58416K, capacity 60058K, committed 60240K, reserved 1101824K
  class space    used 7797K, capacity 8436K, committed 8448K, reserved 1048576K
}
Event: 32.137 GC heap before
{Heap before GC invocations=25 (full 0):
 garbage-first heap   total 69632K, used 51399K [0x00000000c8e00000, 0x0000000100000000)
  region size 1024K, 22 young (22528K), 4 survivors (4096K)
 Metaspace       used 60923K, capacity 62554K, committed 62672K, reserved 1103872K
  class space    used 8101K, capacity 8774K, committed 8832K, reserved 1048576K
}
Event: 32.146 GC heap after
{Heap after GC invocations=26 (full 0):
 garbage-first heap   total 69632K, used 33690K [0x00000000c8e00000, 0x0000000100000000)
  region size 1024K, 1 young (1024K), 1 survivors (1024K)
 Metaspace       used 60923K, capacity 62554K, committed 62672K, reserved 1103872K
  class space    used 8101K, capacity 8774K, committed 8832K, reserved 1048576K
}
Event: 32.181 GC heap before
{Heap before GC invocations=26 (full 0):
 garbage-first heap   total 69632K, used 35738K [0x00000000c8e00000, 0x0000000100000000)
  region size 1024K, 3 young (3072K), 1 survivors (1024K)
 Metaspace       used 60997K, capacity 62624K, committed 62928K, reserved 1103872K
  class space    used 8113K, capacity 8775K, committed 8832K, reserved 1048576K
}
Event: 32.189 GC heap after
{Heap after GC invocations=27 (full 0):
 garbage-first heap   total 83968K, used 30505K [0x00000000c8e00000, 0x0000000100000000)
  region size 1024K, 1 young (1024K), 1 survivors (1024K)
 Metaspace       used 60997K, capacity 62624K, committed 62928K, reserved 1103872K
  class space    used 8113K, capacity 8775K, committed 8832K, reserved 1048576K
}
Event: 32.984 GC heap before
{Heap before GC invocations=27 (full 0):
 garbage-first heap   total 83968K, used 57129K [0x00000000c8e00000, 0x0000000100000000)
  region size 1024K, 27 young (27648K), 1 survivors (1024K)
 Metaspace       used 62931K, capacity 64550K, committed 64720K, reserved 1105920K
  class space    used 8385K, capacity 9051K, committed 9088K, reserved 1048576K
}
Event: 32.988 GC heap after
{Heap after GC invocations=28 (full 0):
 garbage-first heap   total 83968K, used 31360K [0x00000000c8e00000, 0x0000000100000000)
  region size 1024K, 2 young (2048K), 2 survivors (2048K)
 Metaspace       used 62931K, capacity 64550K, committed 64720K, reserved 1105920K
  class space    used 8385K, capacity 9051K, committed 9088K, reserved 1048576K
}
Event: 33.460 GC heap before
{Heap before GC invocations=28 (full 0):
 garbage-first heap   total 83968K, used 60032K [0x00000000c8e00000, 0x0000000100000000)
  region size 1024K, 30 young (30720K), 2 survivors (2048K)
 Metaspace       used 65722K, capacity 67427K, committed 67792K, reserved 1107968K
  class space    used 8790K, capacity 9473K, committed 9600K, reserved 1048576K
}
Event: 33.463 GC heap after
{Heap after GC invocations=29 (full 0):
 garbage-first heap   total 83968K, used 31990K [0x00000000c8e00000, 0x0000000100000000)
  region size 1024K, 2 young (2048K), 2 survivors (2048K)
 Metaspace       used 65722K, capacity 67427K, committed 67792K, reserved 1107968K
  class space    used 8790K, capacity 9473K, committed 9600K, reserved 1048576K
}
Event: 33.868 GC heap before
{Heap before GC invocations=29 (full 0):
 garbage-first heap   total 83968K, used 62710K [0x00000000c8e00000, 0x0000000100000000)
  region size 1024K, 32 young (32768K), 2 survivors (2048K)
 Metaspace       used 67275K, capacity 69000K, committed 69328K, reserved 1110016K
  class space    used 9092K, capacity 9777K, committed 9856K, reserved 1048576K
}
Event: 33.872 GC heap after
{Heap after GC invocations=30 (full 0):
 garbage-first heap   total 83968K, used 32552K [0x00000000c8e00000, 0x0000000100000000)
  region size 1024K, 3 young (3072K), 3 survivors (3072K)
 Metaspace       used 67275K, capacity 69000K, committed 69328K, reserved 1110016K
  class space    used 9092K, capacity 9777K, committed 9856K, reserved 1048576K
}
Event: 35.351 GC heap before
{Heap before GC invocations=30 (full 0):
 garbage-first heap   total 83968K, used 63272K [0x00000000c8e00000, 0x0000000100000000)
  region size 1024K, 33 young (33792K), 3 survivors (3072K)
 Metaspace       used 70013K, capacity 71814K, committed 72016K, reserved 1112064K
  class space    used 9450K, capacity 10159K, committed 10240K, reserved 1048576K
}
Event: 35.358 GC heap after
{Heap after GC invocations=31 (full 0):
 garbage-first heap   total 83968K, used 33298K [0x00000000c8e00000, 0x0000000100000000)
  region size 1024K, 3 young (3072K), 3 survivors (3072K)
 Metaspace       used 70013K, capacity 71814K, committed 72016K, reserved 1112064K
  class space    used 9450K, capacity 10159K, committed 10240K, reserved 1048576K
}
Event: 36.281 GC heap before
{Heap before GC invocations=31 (full 0):
 garbage-first heap   total 83968K, used 64018K [0x00000000c8e00000, 0x0000000100000000)
  region size 1024K, 33 young (33792K), 3 survivors (3072K)
 Metaspace       used 72385K, capacity 74339K, committed 74704K, reserved 1114112K
  class space    used 9749K, capacity 10513K, committed 10624K, reserved 1048576K
}
Event: 36.295 GC heap after
{Heap after GC invocations=32 (full 0):
 garbage-first heap   total 83968K, used 35275K [0x00000000c8e00000, 0x0000000100000000)
  region size 1024K, 4 young (4096K), 4 survivors (4096K)
 Metaspace       used 72385K, capacity 74339K, committed 74704K, reserved 1114112K
  class space    used 9749K, capacity 10513K, committed 10624K, reserved 1048576K
}
Event: 37.327 GC heap before
{Heap before GC invocations=32 (full 0):
 garbage-first heap   total 83968K, used 64971K [0x00000000c8e00000, 0x0000000100000000)
  region size 1024K, 33 young (33792K), 4 survivors (4096K)
 Metaspace       used 74904K, capacity 76943K, committed 77008K, reserved 1116160K
  class space    used 10051K, capacity 10842K, committed 10880K, reserved 1048576K
}
Event: 37.338 GC heap after
{Heap after GC invocations=33 (full 0):
 garbage-first heap   total 83968K, used 36100K [0x00000000c8e00000, 0x0000000100000000)
  region size 1024K, 3 young (3072K), 3 survivors (3072K)
 Metaspace       used 74904K, capacity 76943K, committed 77008K, reserved 1116160K
  class space    used 10051K, capacity 10842K, committed 10880K, reserved 1048576K
}
Event: 37.934 GC heap before
{Heap before GC invocations=33 (full 0):
 garbage-first heap   total 83968K, used 65796K [0x00000000c8e00000, 0x0000000100000000)
  region size 1024K, 32 young (32768K), 3 survivors (3072K)
 Metaspace       used 75150K, capacity 77221K, committed 77392K, reserved 1116160K
  class space    used 10072K, capacity 10886K, committed 11008K, reserved 1048576K
}
Event: 37.946 GC heap after
{Heap after GC invocations=34 (full 0):
 garbage-first heap   total 83968K, used 37169K [0x00000000c8e00000, 0x0000000100000000)
  region size 1024K, 2 young (2048K), 2 survivors (2048K)
 Metaspace       used 75150K, capacity 77221K, committed 77392K, reserved 1116160K
  class space    used 10072K, capacity 10886K, committed 11008K, reserved 1048576K
}
Event: 38.332 GC heap before
{Heap before GC invocations=34 (full 0):
 garbage-first heap   total 83968K, used 61745K [0x00000000c8e00000, 0x0000000100000000)
  region size 1024K, 27 young (27648K), 2 survivors (2048K)
 Metaspace       used 75438K, capacity 77488K, committed 77648K, reserved 1122304K
  class space    used 10103K, capacity 10902K, committed 11008K, reserved 1048576K
}

